# JRE version: Java(TM) SE Runtime Environment (8.0_131-b11) (build 1.8.0_131-b11)
# Java VM: Java HotSpot(TM) 64-Bit Server VM (25.131-b11 mixed mode bsd-amd64 compressed oops)
Heap:
 PSYoungGen      total 77312K, used 27265K [0x0000000795580000, 0x000000079af00000, 0x00000007c0000000)
  eden space 66048K, 34% used [0x0000000795580000,0x0000000796bd0dd0,0x0000000799600000)
  from space 11264K, 39% used [0x000000079a400000,0x000000079a84f9c8,0x000000079af00000)
  to   space 12800K, 0% used [0x0000000799600000,0x0000000799600000,0x000000079a280000)
 ParOldGen       total 65024K, used 21084K [0x0000000740000000, 0x0000000743f80000, 0x0000000795580000)
  object space 65024K, 32% used [0x0000000740000000,0x0000000741497338,0x0000000743f80000)
 Metaspace       used 23824K, capacity 24176K, committed 24368K, reserved 1071104K
  class space    used 2423K, capacity 2551K, committed 2608K, reserved 1048576K
GC Heap History (10 events):
Event: 3.220 GC heap before
{Heap before GC invocations=3 (full 1):
 PSYoungGen      total 38400K, used 5091K [0x0000000795580000, 0x0000000798000000, 0x00000007c0000000)
  eden space 33280K, 0% used [0x0000000795580000,0x0000000795580000,0x0000000797600000)
  from space 5120K, 99% used [0x0000000797b00000,0x0000000797ff8e40,0x0000000798000000)
  to   space 5120K, 0% used [0x0000000797600000,0x0000000797600000,0x0000000797b00000)
 ParOldGen       total 87552K, used 3004K [0x0000000740000000, 0x0000000745580000, 0x0000000795580000)
  object space 87552K, 3% used [0x0000000740000000,0x00000007402ef168,0x0000000745580000)
 Metaspace       used 20826K, capacity 21254K, committed 21296K, reserved 1069056K
  class space    used 2173K, capacity 2326K, committed 2352K, reserved 1048576K
Event: 3.250 GC heap after
Heap after GC invocations=3 (full 1):
 PSYoungGen      total 38400K, used 0K [0x0000000795580000, 0x0000000798000000, 0x00000007c0000000)
  eden space 33280K, 0% used [0x0000000795580000,0x0000000795580000,0x0000000797600000)
  from space 5120K, 0% used [0x0000000797b00000,0x0000000797b00000,0x0000000798000000)
  to   space 5120K, 0% used [0x0000000797600000,0x0000000797600000,0x0000000797b00000)
 ParOldGen       total 65024K, used 7938K [0x0000000740000000, 0x0000000743f80000, 0x0000000795580000)
  object space 65024K, 12% used [0x0000000740000000,0x00000007407c08c8,0x0000000743f80000)
 Metaspace       used 20826K, capacity 21254K, committed 21296K, reserved 1069056K
  class space    used 2173K, capacity 2326K, committed 2352K, reserved 1048576K
}
Event: 3.879 GC heap before
{Heap before GC invocations=4 (full 1):
 PSYoungGen      total 38400K, used 33280K [0x0000000795580000, 0x0000000798000000, 0x00000007c0000000)
  eden space 33280K, 100% used [0x0000000795580000,0x0000000797600000,0x0000000797600000)
  from space 5120K, 0% used [0x0000000797b00000,0x0000000797b00000,0x0000000798000000)
  to   space 5120K, 0% used [0x0000000797600000,0x0000000797600000,0x0000000797b00000)
 ParOldGen       total 65024K, used 7938K [0x0000000740000000, 0x0000000743f80000, 0x0000000795580000)
  object space 65024K, 12% used [0x0000000740000000,0x00000007407c08c8,0x0000000743f80000)
 Metaspace       used 23458K, capacity 23852K, committed 24112K, reserved 1071104K
  class space    used 2415K, capacity 2551K, committed 2608K, reserved 1048576K
Event: 3.885 GC heap after
Heap after GC invocations=4 (full 1):
 PSYoungGen      total 38400K, used 5089K [0x0000000795580000, 0x0000000798e80000, 0x00000007c0000000)
  eden space 33280K, 0% used [0x0000000795580000,0x0000000795580000,0x0000000797600000)
  from space 5120K, 99% used [0x0000000797600000,0x0000000797af8478,0x0000000797b00000)
  to   space 5120K, 0% used [0x0000000798980000,0x0000000798980000,0x0000000798e80000)
 ParOldGen       total 65024K, used 15364K [0x0000000740000000, 0x0000000743f80000, 0x0000000795580000)
  object space 65024K, 23% used [0x0000000740000000,0x0000000740f011f8,0x0000000743f80000)
 Metaspace       used 23458K, capacity 23852K, committed 24112K, reserved 1071104K
  class space    used 2415K, capacity 2551K, committed 2608K, reserved 1048576K
}
Event: 5.146 GC heap before
{Heap before GC invocations=5 (full 1):
 PSYoungGen      total 38400K, used 38369K [0x0000000795580000, 0x0000000798e80000, 0x00000007c0000000)
  eden space 33280K, 100% used [0x0000000795580000,0x0000000797600000,0x0000000797600000)
  from space 5120K, 99% used [0x0000000797600000,0x0000000797af8478,0x0000000797b00000)
  to   space 5120K, 0% used [0x0000000798980000,0x0000000798980000,0x0000000798e80000)
 ParOldGen       total 65024K, used 15364K [0x0000000740000000, 0x0000000743f80000, 0x0000000795580000)
  object space 65024K, 23% used [0x0000000740000000,0x0000000740f011f8,0x0000000743f80000)
 Metaspace       used 23589K, capacity 23980K, committed 24112K, reserved 1071104K
  class space    used 2415K, capacity 2551K, committed 2608K, reserved 1048576K
Event: 5.159 GC heap after
Heap after GC invocations=5 (full 1):
 PSYoungGen      total 53248K, used 5114K [0x0000000795580000, 0x0000000798f00000, 0x00000007c0000000)
  eden space 48128K, 0% used [0x0000000795580000,0x0000000795580000,0x0000000798480000)
  from space 5120K, 99% used [0x0000000798980000,0x0000000798e7e8a8,0x0000000798e80000)
  to   space 5120K, 0% used [0x0000000798480000,0x0000000798480000,0x0000000798980000)
 ParOldGen       total 65024K, used 18068K [0x0000000740000000, 0x0000000743f80000, 0x0000000795580000)
  object space 65024K, 27% used [0x0000000740000000,0x00000007411a52a8,0x0000000743f80000)
 Metaspace       used 23589K, capacity 23980K, committed 24112K, reserved 1071104K
  class space    used 2415K, capacity 2551K, committed 2608K, reserved 1048576K
}
Event: 7.650 GC heap before
{Heap before GC invocations=6 (full 1):
 PSYoungGen      total 53248K, used 53242K [0x0000000795580000, 0x0000000798f00000, 0x00000007c0000000)
  eden space 48128K, 100% used [0x0000000795580000,0x0000000798480000,0x0000000798480000)
  from space 5120K, 99% used [0x0000000798980000,0x0000000798e7e8a8,0x0000000798e80000)
  to   space 5120K, 0% used [0x0000000798480000,0x0000000798480000,0x0000000798980000)
 ParOldGen       total 65024K, used 18068K [0x0000000740000000, 0x0000000743f80000, 0x0000000795580000)
  object space 65024K, 27% used [0x0000000740000000,0x00000007411a52a8,0x0000000743f80000)
 Metaspace       used 23619K, capacity 23984K, committed 24112K, reserved 1071104K
  class space    used 2415K, capacity 2551K, committed 2608K, reserved 1048576K
Event: 7.655 GC heap after
Heap after GC invocations=6 (full 1):
 PSYoungGen      total 53248K, used 5101K [0x0000000795580000, 0x000000079b000000, 0x00000007c0000000)
  eden space 48128K, 0% used [0x0000000795580000,0x0000000795580000,0x0000000798480000)
  from space 5120K, 99% used [0x0000000798480000,0x000000079897b770,0x0000000798980000)
  to   space 12288K, 0% used [0x000000079a400000,0x000000079a400000,0x000000079b000000)
 ParOldGen       total 65024K, used 21084K [0x0000000740000000, 0x0000000743f80000, 0x0000000795580000)
  object space 65024K, 32% used [0x0000000740000000,0x0000000741497338,0x0000000743f80000)
 Metaspace       used 23619K, capacity 23984K, committed 24112K, reserved 1071104K
  class space    used 2415K, capacity 2551K, committed 2608K, reserved 1048576K
}
Event: 10.249 GC heap before
{Heap before GC invocations=7 (full 1):
 PSYoungGen      total 53248K, used 53229K [0x0000000795580000, 0x000000079b000000, 0x00000007c0000000)
  eden space 48128K, 100% used [0x0000000795580000,0x0000000798480000,0x0000000798480000)
  from space 5120K, 99% used [0x0000000798480000,0x000000079897b770,0x0000000798980000)
  to   space 12288K, 0% used [0x000000079a400000,0x000000079a400000,0x000000079b000000)
 ParOldGen       total 65024K, used 21084K [0x0000000740000000, 0x0000000743f80000, 0x0000000795580000)
  object space 65024K, 32% used [0x0000000740000000,0x0000000741497338,0x0000000743f80000)
 Metaspace       used 23678K, capacity 24048K, committed 24368K, reserved 1071104K
  class space    used 2417K, capacity 2551K, committed 2608K, reserved 1048576K
Event: 10.254 GC heap after
Heap after GC invocations=7 (full 1):
 PSYoungGen      total 77312K, used 4414K [0x0000000795580000, 0x000000079af00000, 0x00000007c0000000)
  eden space 66048K, 0% used [0x0000000795580000,0x0000000795580000,0x0000000799600000)
  from space 11264K, 39% used [0x000000079a400000,0x000000079a84f9c8,0x000000079af00000)
  to   space 12800K, 0% used [0x0000000799600000,0x0000000799600000,0x000000079a280000)
 ParOldGen       total 65024K, used 21084K [0x0000000740000000, 0x0000000743f80000, 0x0000000795580000)
  object space 65024K, 32% used [0x0000000740000000,0x0000000741497338,0x0000000743f80000)
 Metaspace       used 23678K, capacity 24048K, committed 24368K, reserved 1071104K
  class space    used 2417K, capacity 2551K, committed 2608K, reserved 1048576K
}

