# JRE version: Java(TM) SE Runtime Environment (8.0_131-b11) (build 1.8.0_131-b11)
# Java VM: Java HotSpot(TM) 64-Bit Server VM (25.131-b11 mixed mode bsd-amd64 compressed oops)
Heap:
 PSYoungGen      total 53760K, used 15239K [0x0000000795580000, 0x000000079ae80000, 0x00000007c0000000)
  eden space 48640K, 21% used [0x0000000795580000,0x0000000795f7dec0,0x0000000798500000)
  from space 5120K, 97% used [0x0000000798500000,0x00000007989e4130,0x0000000798a00000)
  to   space 13824K, 0% used [0x000000079a100000,0x000000079a100000,0x000000079ae80000)
 ParOldGen       total 65536K, used 18552K [0x0000000740000000, 0x0000000744000000, 0x0000000795580000)
  object space 65536K, 28% used [0x0000000740000000,0x000000074121e148,0x0000000744000000)
 Metaspace       used 24121K, capacity 24498K, committed 24624K, reserved 1071104K
  class space    used 2424K, capacity 2552K, committed 2608K, reserved 1048576K
GC Heap History (10 events):
Event: 2.761 GC heap before
{Heap before GC invocations=2 (full 0):
 PSYoungGen      total 38400K, used 28573K [0x0000000795580000, 0x0000000798000000, 0x00000007c0000000)
  eden space 33280K, 71% used [0x0000000795580000,0x0000000796c9c8e8,0x0000000797600000)
  from space 5120K, 95% used [0x0000000797600000,0x0000000797acab18,0x0000000797b00000)
  to   space 5120K, 0% used [0x0000000797b00000,0x0000000797b00000,0x0000000798000000)
 ParOldGen       total 87552K, used 16K [0x0000000740000000, 0x0000000745580000, 0x0000000795580000)
  object space 87552K, 0% used [0x0000000740000000,0x0000000740004000,0x0000000745580000)
 Metaspace       used 20823K, capacity 21254K, committed 21296K, reserved 1069056K
  class space    used 2173K, capacity 2326K, committed 2352K, reserved 1048576K
Event: 2.770 GC heap after
Heap after GC invocations=2 (full 0):
 PSYoungGen      total 38400K, used 5090K [0x0000000795580000, 0x0000000798000000, 0x00000007c0000000)
  eden space 33280K, 0% used [0x0000000795580000,0x0000000795580000,0x0000000797600000)
  from space 5120K, 99% used [0x0000000797b00000,0x0000000797ff8940,0x0000000798000000)
  to   space 5120K, 0% used [0x0000000797600000,0x0000000797600000,0x0000000797b00000)
 ParOldGen       total 87552K, used 2983K [0x0000000740000000, 0x0000000745580000, 0x0000000795580000)
  object space 87552K, 3% used [0x0000000740000000,0x00000007402e9f88,0x0000000745580000)
 Metaspace       used 20823K, capacity 21254K, committed 21296K, reserved 1069056K
  class space    used 2173K, capacity 2326K, committed 2352K, reserved 1048576K
}
Event: 2.770 GC heap before
{Heap before GC invocations=3 (full 1):
 PSYoungGen      total 38400K, used 5090K [0x0000000795580000, 0x0000000798000000, 0x00000007c0000000)
  eden space 33280K, 0% used [0x0000000795580000,0x0000000795580000,0x0000000797600000)
  from space 5120K, 99% used [0x0000000797b00000,0x0000000797ff8940,0x0000000798000000)
  to   space 5120K, 0% used [0x0000000797600000,0x0000000797600000,0x0000000797b00000)
 ParOldGen       total 87552K, used 2983K [0x0000000740000000, 0x0000000745580000, 0x0000000795580000)
  object space 87552K, 3% used [0x0000000740000000,0x00000007402e9f88,0x0000000745580000)
 Metaspace       used 20823K, capacity 21254K, committed 21296K, reserved 1069056K
  class space    used 2173K, capacity 2326K, committed 2352K, reserved 1048576K
Event: 2.798 GC heap after
Heap after GC invocations=3 (full 1):
 PSYoungGen      total 38400K, used 0K [0x0000000795580000, 0x0000000798000000, 0x00000007c0000000)
  eden space 33280K, 0% used [0x0000000795580000,0x0000000795580000,0x0000000797600000)
  from space 5120K, 0% used [0x0000000797b00000,0x0000000797b00000,0x0000000798000000)
  to   space 5120K, 0% used [0x0000000797600000,0x0000000797600000,0x0000000797b00000)
 ParOldGen       total 65536K, used 7938K [0x0000000740000000, 0x0000000744000000, 0x0000000795580000)
  object space 65536K, 12% used [0x0000000740000000,0x00000007407c0a10,0x0000000744000000)
 Metaspace       used 20823K, capacity 21254K, committed 21296K, reserved 1069056K
  class space    used 2173K, capacity 2326K, committed 2352K, reserved 1048576K
}
Event: 3.268 GC heap before
{Heap before GC invocations=4 (full 1):
 PSYoungGen      total 38400K, used 33280K [0x0000000795580000, 0x0000000798000000, 0x00000007c0000000)
  eden space 33280K, 100% used [0x0000000795580000,0x0000000797600000,0x0000000797600000)
  from space 5120K, 0% used [0x0000000797b00000,0x0000000797b00000,0x0000000798000000)
  to   space 5120K, 0% used [0x0000000797600000,0x0000000797600000,0x0000000797b00000)
 ParOldGen       total 65536K, used 7938K [0x0000000740000000, 0x0000000744000000, 0x0000000795580000)
  object space 65536K, 12% used [0x0000000740000000,0x00000007407c0a10,0x0000000744000000)
 Metaspace       used 23452K, capacity 23852K, committed 24112K, reserved 1071104K
  class space    used 2415K, capacity 2551K, committed 2608K, reserved 1048576K
Event: 3.275 GC heap after
Heap after GC invocations=4 (full 1):
 PSYoungGen      total 38400K, used 5104K [0x0000000795580000, 0x0000000798f00000, 0x00000007c0000000)
  eden space 33280K, 0% used [0x0000000795580000,0x0000000795580000,0x0000000797600000)
  from space 5120K, 99% used [0x0000000797600000,0x0000000797afc130,0x0000000797b00000)
  to   space 5120K, 0% used [0x0000000798a00000,0x0000000798a00000,0x0000000798f00000)
 ParOldGen       total 65536K, used 16352K [0x0000000740000000, 0x0000000744000000, 0x0000000795580000)
  object space 65536K, 24% used [0x0000000740000000,0x0000000740ff80e8,0x0000000744000000)
 Metaspace       used 23452K, capacity 23852K, committed 24112K, reserved 1071104K
  class space    used 2415K, capacity 2551K, committed 2608K, reserved 1048576K
}
Event: 6.231 GC heap before
{Heap before GC invocations=5 (full 1):
 PSYoungGen      total 38400K, used 38384K [0x0000000795580000, 0x0000000798f00000, 0x00000007c0000000)
  eden space 33280K, 100% used [0x0000000795580000,0x0000000797600000,0x0000000797600000)
  from space 5120K, 99% used [0x0000000797600000,0x0000000797afc130,0x0000000797b00000)
  to   space 5120K, 0% used [0x0000000798a00000,0x0000000798a00000,0x0000000798f00000)
 ParOldGen       total 65536K, used 16352K [0x0000000740000000, 0x0000000744000000, 0x0000000795580000)
  object space 65536K, 24% used [0x0000000740000000,0x0000000740ff80e8,0x0000000744000000)
 Metaspace       used 23814K, capacity 24178K, committed 24368K, reserved 1071104K
  class space    used 2416K, capacity 2552K, committed 2608K, reserved 1048576K
Event: 6.237 GC heap after
Heap after GC invocations=5 (full 1):
 PSYoungGen      total 52224K, used 5088K [0x0000000795580000, 0x0000000798f00000, 0x00000007c0000000)
  eden space 47104K, 0% used [0x0000000795580000,0x0000000795580000,0x0000000798380000)
  from space 5120K, 99% used [0x0000000798a00000,0x0000000798ef8140,0x0000000798f00000)
  to   space 5120K, 0% used [0x0000000798500000,0x0000000798500000,0x0000000798a00000)
 ParOldGen       total 65536K, used 18544K [0x0000000740000000, 0x0000000744000000, 0x0000000795580000)
  object space 65536K, 28% used [0x0000000740000000,0x000000074121c148,0x0000000744000000)
 Metaspace       used 23814K, capacity 24178K, committed 24368K, reserved 1071104K
  class space    used 2416K, capacity 2552K, committed 2608K, reserved 1048576K
}
Event: 14.462 GC heap before
{Heap before GC invocations=6 (full 1):
 PSYoungGen      total 52224K, used 52192K [0x0000000795580000, 0x0000000798f00000, 0x00000007c0000000)
  eden space 47104K, 100% used [0x0000000795580000,0x0000000798380000,0x0000000798380000)
  from space 5120K, 99% used [0x0000000798a00000,0x0000000798ef8140,0x0000000798f00000)
  to   space 5120K, 0% used [0x0000000798500000,0x0000000798500000,0x0000000798a00000)
 ParOldGen       total 65536K, used 18544K [0x0000000740000000, 0x0000000744000000, 0x0000000795580000)
  object space 65536K, 28% used [0x0000000740000000,0x000000074121c148,0x0000000744000000)
 Metaspace       used 24081K, capacity 24498K, committed 24624K, reserved 1071104K
  class space    used 2416K, capacity 2552K, committed 2608K, reserved 1048576K
Event: 14.468 GC heap after
Heap after GC invocations=6 (full 1):
 PSYoungGen      total 53760K, used 5008K [0x0000000795580000, 0x000000079ae80000, 0x00000007c0000000)
  eden space 48640K, 0% used [0x0000000795580000,0x0000000795580000,0x0000000798500000)
  from space 5120K, 97% used [0x0000000798500000,0x00000007989e4130,0x0000000798a00000)
  to   space 13824K, 0% used [0x000000079a100000,0x000000079a100000,0x000000079ae80000)
 ParOldGen       total 65536K, used 18552K [0x0000000740000000, 0x0000000744000000, 0x0000000795580000)
  object space 65536K, 28% used [0x0000000740000000,0x000000074121e148,0x0000000744000000)
 Metaspace       used 24081K, capacity 24498K, committed 24624K, reserved 1071104K
  class space    used 2416K, capacity 2552K, committed 2608K, reserved 1048576K
}

