# JRE version: Java(TM) SE Runtime Environment (8.0_131-b11) (build 1.8.0_131-b11)
# Java VM: Java HotSpot(TM) 64-Bit Server VM (25.131-b11 mixed mode bsd-amd64 compressed oops)
Heap:
 PSYoungGen      total 102912K, used 24808K [0x0000000795580000, 0x000000079c780000, 0x00000007c0000000)
  eden space 91136K, 14% used [0x0000000795580000,0x00000007962c6b00,0x000000079ae80000)
  from space 11776K, 95% used [0x000000079bb00000,0x000000079c5f35d0,0x000000079c680000)
  to   space 12800K, 0% used [0x000000079ae80000,0x000000079ae80000,0x000000079bb00000)
 ParOldGen       total 65024K, used 20738K [0x0000000740000000, 0x0000000743f80000, 0x0000000795580000)
  object space 65024K, 31% used [0x0000000740000000,0x0000000741440880,0x0000000743f80000)
 Metaspace       used 23644K, capacity 23986K, committed 24112K, reserved 1071104K
  class space    used 2417K, capacity 2552K, committed 2608K, reserved 1048576K
GC Heap History (10 events):
Event: 9.568 GC heap before
{Heap before GC invocations=7 (full 1):
 PSYoungGen      total 52736K, used 52594K [0x0000000795580000, 0x000000079ad00000, 0x00000007c0000000)
  eden space 47616K, 100% used [0x0000000795580000,0x0000000798400000,0x0000000798400000)
  from space 5120K, 97% used [0x0000000798400000,0x00000007988dcb20,0x0000000798900000)
  to   space 13312K, 0% used [0x000000079a000000,0x000000079a000000,0x000000079ad00000)
 ParOldGen       total 65024K, used 20730K [0x0000000740000000, 0x0000000743f80000, 0x0000000795580000)
  object space 65024K, 31% used [0x0000000740000000,0x000000074143e880,0x0000000743f80000)
 Metaspace       used 23582K, capacity 23980K, committed 24112K, reserved 1071104K
  class space    used 2408K, capacity 2551K, committed 2608K, reserved 1048576K
Event: 9.575 GC heap after
Heap after GC invocations=7 (full 1):
 PSYoungGen      total 74240K, used 7057K [0x0000000795580000, 0x000000079ab00000, 0x00000007c0000000)
  eden space 62976K, 0% used [0x0000000795580000,0x0000000795580000,0x0000000799300000)
  from space 11264K, 62% used [0x000000079a000000,0x000000079a6e4418,0x000000079ab00000)
  to   space 12288K, 0% used [0x0000000799300000,0x0000000799300000,0x0000000799f00000)
 ParOldGen       total 65024K, used 20730K [0x0000000740000000, 0x0000000743f80000, 0x0000000795580000)
  object space 65024K, 31% used [0x0000000740000000,0x000000074143e880,0x0000000743f80000)
 Metaspace       used 23582K, capacity 23980K, committed 24112K, reserved 1071104K
  class space    used 2408K, capacity 2551K, committed 2608K, reserved 1048576K
}
Event: 13.054 GC heap before
{Heap before GC invocations=8 (full 1):
 PSYoungGen      total 74240K, used 68086K [0x0000000795580000, 0x000000079ab00000, 0x00000007c0000000)
  eden space 62976K, 96% used [0x0000000795580000,0x00000007991194d0,0x0000000799300000)
  from space 11264K, 62% used [0x000000079a000000,0x000000079a6e4418,0x000000079ab00000)
  to   space 12288K, 0% used [0x0000000799300000,0x0000000799300000,0x0000000799f00000)
 ParOldGen       total 65024K, used 20730K [0x0000000740000000, 0x0000000743f80000, 0x0000000795580000)
  object space 65024K, 31% used [0x0000000740000000,0x000000074143e880,0x0000000743f80000)
 Metaspace       used 23582K, capacity 23980K, committed 24112K, reserved 1071104K
  class space    used 2408K, capacity 2551K, committed 2608K, reserved 1048576K
Event: 13.064 GC heap after
Heap after GC invocations=8 (full 1):
 PSYoungGen      total 75264K, used 9167K [0x0000000795580000, 0x000000079be80000, 0x00000007c0000000)
  eden space 62976K, 0% used [0x0000000795580000,0x0000000795580000,0x0000000799300000)
  from space 12288K, 74% used [0x0000000799300000,0x0000000799bf3d10,0x0000000799f00000)
  to   space 12800K, 0% used [0x000000079b200000,0x000000079b200000,0x000000079be80000)
 ParOldGen       total 65024K, used 20730K [0x0000000740000000, 0x0000000743f80000, 0x0000000795580000)
  object space 65024K, 31% used [0x0000000740000000,0x000000074143e880,0x0000000743f80000)
 Metaspace       used 23582K, capacity 23980K, committed 24112K, reserved 1071104K
  class space    used 2408K, capacity 2551K, committed 2608K, reserved 1048576K
}
Event: 16.474 GC heap before
{Heap before GC invocations=9 (full 1):
 PSYoungGen      total 75264K, used 72143K [0x0000000795580000, 0x000000079be80000, 0x00000007c0000000)
  eden space 62976K, 100% used [0x0000000795580000,0x0000000799300000,0x0000000799300000)
  from space 12288K, 74% used [0x0000000799300000,0x0000000799bf3d10,0x0000000799f00000)
  to   space 12800K, 0% used [0x000000079b200000,0x000000079b200000,0x000000079be80000)
 ParOldGen       total 65024K, used 20730K [0x0000000740000000, 0x0000000743f80000, 0x0000000795580000)
  object space 65024K, 31% used [0x0000000740000000,0x000000074143e880,0x0000000743f80000)
 Metaspace       used 23588K, capacity 23980K, committed 24112K, reserved 1071104K
  class space    used 2408K, capacity 2551K, committed 2608K, reserved 1048576K
Event: 16.481 GC heap after
Heap after GC invocations=9 (full 1):
 PSYoungGen      total 90624K, used 8048K [0x0000000795580000, 0x000000079bc00000, 0x00000007c0000000)
  eden space 80384K, 0% used [0x0000000795580000,0x0000000795580000,0x000000079a400000)
  from space 10240K, 78% used [0x000000079b200000,0x000000079b9dc068,0x000000079bc00000)
  to   space 12288K, 0% used [0x000000079a400000,0x000000079a400000,0x000000079b000000)
 ParOldGen       total 65024K, used 20730K [0x0000000740000000, 0x0000000743f80000, 0x0000000795580000)
  object space 65024K, 31% used [0x0000000740000000,0x000000074143e880,0x0000000743f80000)
 Metaspace       used 23588K, capacity 23980K, committed 24112K, reserved 1071104K
  class space    used 2408K, capacity 2551K, committed 2608K, reserved 1048576K
}
Event: 21.105 GC heap before
{Heap before GC invocations=10 (full 1):
 PSYoungGen      total 90624K, used 88432K [0x0000000795580000, 0x000000079bc00000, 0x00000007c0000000)
  eden space 80384K, 100% used [0x0000000795580000,0x000000079a400000,0x000000079a400000)
  from space 10240K, 78% used [0x000000079b200000,0x000000079b9dc068,0x000000079bc00000)
  to   space 12288K, 0% used [0x000000079a400000,0x000000079a400000,0x000000079b000000)
 ParOldGen       total 65024K, used 20730K [0x0000000740000000, 0x0000000743f80000, 0x0000000795580000)
  object space 65024K, 31% used [0x0000000740000000,0x000000074143e880,0x0000000743f80000)
 Metaspace       used 23596K, capacity 23980K, committed 24112K, reserved 1071104K
  class space    used 2409K, capacity 2551K, committed 2608K, reserved 1048576K
Event: 21.111 GC heap after
Heap after GC invocations=10 (full 1):
 PSYoungGen      total 92672K, used 8016K [0x0000000795580000, 0x000000079c680000, 0x00000007c0000000)
  eden space 80384K, 0% used [0x0000000795580000,0x0000000795580000,0x000000079a400000)
  from space 12288K, 65% used [0x000000079a400000,0x000000079abd4068,0x000000079b000000)
  to   space 11776K, 0% used [0x000000079bb00000,0x000000079bb00000,0x000000079c680000)
 ParOldGen       total 65024K, used 20730K [0x0000000740000000, 0x0000000743f80000, 0x0000000795580000)
  object space 65024K, 31% used [0x0000000740000000,0x000000074143e880,0x0000000743f80000)
 Metaspace       used 23596K, capacity 23980K, committed 24112K, reserved 1071104K
  class space    used 2409K, capacity 2551K, committed 2608K, reserved 1048576K
}
Event: 25.630 GC heap before
{Heap before GC invocations=11 (full 1):
 PSYoungGen      total 92672K, used 88400K [0x0000000795580000, 0x000000079c680000, 0x00000007c0000000)
  eden space 80384K, 100% used [0x0000000795580000,0x000000079a400000,0x000000079a400000)
  from space 12288K, 65% used [0x000000079a400000,0x000000079abd4068,0x000000079b000000)
  to   space 11776K, 0% used [0x000000079bb00000,0x000000079bb00000,0x000000079c680000)
 ParOldGen       total 65024K, used 20730K [0x0000000740000000, 0x0000000743f80000, 0x0000000795580000)
  object space 65024K, 31% used [0x0000000740000000,0x000000074143e880,0x0000000743f80000)
 Metaspace       used 23611K, capacity 23980K, committed 24112K, reserved 1071104K
  class space    used 2410K, capacity 2551K, committed 2608K, reserved 1048576K
Event: 25.638 GC heap after
Heap after GC invocations=11 (full 1):
 PSYoungGen      total 102912K, used 11213K [0x0000000795580000, 0x000000079c780000, 0x00000007c0000000)
  eden space 91136K, 0% used [0x0000000795580000,0x0000000795580000,0x000000079ae80000)
  from space 11776K, 95% used [0x000000079bb00000,0x000000079c5f35d0,0x000000079c680000)
  to   space 12800K, 0% used [0x000000079ae80000,0x000000079ae80000,0x000000079bb00000)
 ParOldGen       total 65024K, used 20738K [0x0000000740000000, 0x0000000743f80000, 0x0000000795580000)
  object space 65024K, 31% used [0x0000000740000000,0x0000000741440880,0x0000000743f80000)
 Metaspace       used 23611K, capacity 23980K, committed 24112K, reserved 1071104K
  class space    used 2410K, capacity 2551K, committed 2608K, reserved 1048576K
}

