# JRE version: Java(TM) SE Runtime Environment (8.0_131-b11) (build 1.8.0_131-b11)
# Java VM: Java HotSpot(TM) 64-Bit Server VM (25.131-b11 mixed mode bsd-amd64 compressed oops)
Heap:
 PSYoungGen      total 89600K, used 37223K [0x0000000795580000, 0x000000079d700000, 0x00000007c0000000)
  eden space 76288K, 39% used [0x0000000795580000,0x0000000797329f48,0x000000079a000000)
  from space 13312K, 51% used [0x000000079a000000,0x000000079a6afff8,0x000000079ad00000)
  to   space 12800K, 0% used [0x000000079ca80000,0x000000079ca80000,0x000000079d700000)
 ParOldGen       total 65024K, used 19992K [0x0000000740000000, 0x0000000743f80000, 0x0000000795580000)
  object space 65024K, 30% used [0x0000000740000000,0x00000007413863c8,0x0000000743f80000)
 Metaspace       used 23683K, capacity 24049K, committed 24368K, reserved 1071104K
  class space    used 2422K, capacity 2551K, committed 2608K, reserved 1048576K
GC Heap History (10 events):
Event: 3.832 GC heap before
{Heap before GC invocations=4 (full 1):
 PSYoungGen      total 38400K, used 33234K [0x0000000795580000, 0x0000000798000000, 0x00000007c0000000)
  eden space 33280K, 99% used [0x0000000795580000,0x00000007975f4b68,0x0000000797600000)
  from space 5120K, 0% used [0x0000000797b00000,0x0000000797b00000,0x0000000798000000)
  to   space 5120K, 0% used [0x0000000797600000,0x0000000797600000,0x0000000797b00000)
 ParOldGen       total 65024K, used 7846K [0x0000000740000000, 0x0000000743f80000, 0x0000000795580000)
  object space 65024K, 12% used [0x0000000740000000,0x00000007407a98e8,0x0000000743f80000)
 Metaspace       used 23415K, capacity 23789K, committed 24112K, reserved 1071104K
  class space    used 2414K, capacity 2551K, committed 2608K, reserved 1048576K
Event: 3.852 GC heap after
Heap after GC invocations=4 (full 1):
 PSYoungGen      total 38400K, used 5106K [0x0000000795580000, 0x0000000799300000, 0x00000007c0000000)
  eden space 33280K, 0% used [0x0000000795580000,0x0000000795580000,0x0000000797600000)
  from space 5120K, 99% used [0x0000000797600000,0x0000000797afcb10,0x0000000797b00000)
  to   space 5120K, 0% used [0x0000000798e00000,0x0000000798e00000,0x0000000799300000)
 ParOldGen       total 65024K, used 16376K [0x0000000740000000, 0x0000000743f80000, 0x0000000795580000)
  object space 65024K, 25% used [0x0000000740000000,0x0000000740ffe218,0x0000000743f80000)
 Metaspace       used 23415K, capacity 23789K, committed 24112K, reserved 1071104K
  class space    used 2414K, capacity 2551K, committed 2608K, reserved 1048576K
}
Event: 5.087 GC heap before
{Heap before GC invocations=5 (full 1):
 PSYoungGen      total 38400K, used 38386K [0x0000000795580000, 0x0000000799300000, 0x00000007c0000000)
  eden space 33280K, 100% used [0x0000000795580000,0x0000000797600000,0x0000000797600000)
  from space 5120K, 99% used [0x0000000797600000,0x0000000797afcb10,0x0000000797b00000)
  to   space 5120K, 0% used [0x0000000798e00000,0x0000000798e00000,0x0000000799300000)
 ParOldGen       total 65024K, used 16376K [0x0000000740000000, 0x0000000743f80000, 0x0000000795580000)
  object space 65024K, 25% used [0x0000000740000000,0x0000000740ffe218,0x0000000743f80000)
 Metaspace       used 23570K, capacity 23981K, committed 24112K, reserved 1071104K
  class space    used 2414K, capacity 2551K, committed 2608K, reserved 1048576K
Event: 5.096 GC heap after
Heap after GC invocations=5 (full 1):
 PSYoungGen      total 56832K, used 5100K [0x0000000795580000, 0x0000000799300000, 0x00000007c0000000)
  eden space 51712K, 0% used [0x0000000795580000,0x0000000795580000,0x0000000798800000)
  from space 5120K, 99% used [0x0000000798e00000,0x00000007992fb258,0x0000000799300000)
  to   space 5120K, 0% used [0x0000000798900000,0x0000000798900000,0x0000000798e00000)
 ParOldGen       total 65024K, used 19224K [0x0000000740000000, 0x0000000743f80000, 0x0000000795580000)
  object space 65024K, 29% used [0x0000000740000000,0x00000007412c62c8,0x0000000743f80000)
 Metaspace       used 23570K, capacity 23981K, committed 24112K, reserved 1071104K
  class space    used 2414K, capacity 2551K, committed 2608K, reserved 1048576K
}
Event: 7.479 GC heap before
{Heap before GC invocations=6 (full 1):
 PSYoungGen      total 56832K, used 55008K [0x0000000795580000, 0x0000000799300000, 0x00000007c0000000)
  eden space 51712K, 96% used [0x0000000795580000,0x000000079863d128,0x0000000798800000)
  from space 5120K, 99% used [0x0000000798e00000,0x00000007992fb258,0x0000000799300000)
  to   space 5120K, 0% used [0x0000000798900000,0x0000000798900000,0x0000000798e00000)
 ParOldGen       total 65024K, used 19224K [0x0000000740000000, 0x0000000743f80000, 0x0000000795580000)
  object space 65024K, 29% used [0x0000000740000000,0x00000007412c62c8,0x0000000743f80000)
 Metaspace       used 23580K, capacity 23981K, committed 24112K, reserved 1071104K
  class space    used 2414K, capacity 2551K, committed 2608K, reserved 1048576K
Event: 7.483 GC heap after
Heap after GC invocations=6 (full 1):
 PSYoungGen      total 57856K, used 5105K [0x0000000795580000, 0x000000079bc00000, 0x00000007c0000000)
  eden space 52736K, 0% used [0x0000000795580000,0x0000000795580000,0x0000000798900000)
  from space 5120K, 99% used [0x0000000798900000,0x0000000798dfc5f8,0x0000000798e00000)
  to   space 13824K, 0% used [0x000000079ae80000,0x000000079ae80000,0x000000079bc00000)
 ParOldGen       total 65024K, used 19976K [0x0000000740000000, 0x0000000743f80000, 0x0000000795580000)
  object space 65024K, 30% used [0x0000000740000000,0x00000007413823c8,0x0000000743f80000)
 Metaspace       used 23580K, capacity 23981K, committed 24112K, reserved 1071104K
  class space    used 2414K, capacity 2551K, committed 2608K, reserved 1048576K
}
Event: 10.484 GC heap before
{Heap before GC invocations=7 (full 1):
 PSYoungGen      total 57856K, used 57841K [0x0000000795580000, 0x000000079bc00000, 0x00000007c0000000)
  eden space 52736K, 100% used [0x0000000795580000,0x0000000798900000,0x0000000798900000)
  from space 5120K, 99% used [0x0000000798900000,0x0000000798dfc5f8,0x0000000798e00000)
  to   space 13824K, 0% used [0x000000079ae80000,0x000000079ae80000,0x000000079bc00000)
 ParOldGen       total 65024K, used 19976K [0x0000000740000000, 0x0000000743f80000, 0x0000000795580000)
  object space 65024K, 30% used [0x0000000740000000,0x00000007413823c8,0x0000000743f80000)
 Metaspace       used 23587K, capacity 23981K, committed 24112K, reserved 1071104K
  class space    used 2414K, capacity 2551K, committed 2608K, reserved 1048576K
Event: 10.490 GC heap after
Heap after GC invocations=7 (full 1):
 PSYoungGen      total 88064K, used 5872K [0x0000000795580000, 0x000000079ba00000, 0x00000007c0000000)
  eden space 76288K, 0% used [0x0000000795580000,0x0000000795580000,0x000000079a000000)
  from space 11776K, 49% used [0x000000079ae80000,0x000000079b43c398,0x000000079ba00000)
  to   space 13312K, 0% used [0x000000079a000000,0x000000079a000000,0x000000079ad00000)
 ParOldGen       total 65024K, used 19984K [0x0000000740000000, 0x0000000743f80000, 0x0000000795580000)
  object space 65024K, 30% used [0x0000000740000000,0x00000007413843c8,0x0000000743f80000)
 Metaspace       used 23587K, capacity 23981K, committed 24112K, reserved 1071104K
  class space    used 2414K, capacity 2551K, committed 2608K, reserved 1048576K
}
Event: 14.794 GC heap before
{Heap before GC invocations=8 (full 1):
 PSYoungGen      total 88064K, used 82160K [0x0000000795580000, 0x000000079ba00000, 0x00000007c0000000)
  eden space 76288K, 100% used [0x0000000795580000,0x000000079a000000,0x000000079a000000)
  from space 11776K, 49% used [0x000000079ae80000,0x000000079b43c398,0x000000079ba00000)
  to   space 13312K, 0% used [0x000000079a000000,0x000000079a000000,0x000000079ad00000)
 ParOldGen       total 65024K, used 19984K [0x0000000740000000, 0x0000000743f80000, 0x0000000795580000)
  object space 65024K, 30% used [0x0000000740000000,0x00000007413843c8,0x0000000743f80000)
 Metaspace       used 23611K, capacity 23981K, committed 24112K, reserved 1071104K
  class space    used 2416K, capacity 2551K, committed 2608K, reserved 1048576K
Event: 14.807 GC heap after
Heap after GC invocations=8 (full 1):
 PSYoungGen      total 89600K, used 6847K [0x0000000795580000, 0x000000079d700000, 0x00000007c0000000)
  eden space 76288K, 0% used [0x0000000795580000,0x0000000795580000,0x000000079a000000)
  from space 13312K, 51% used [0x000000079a000000,0x000000079a6afff8,0x000000079ad00000)
  to   space 12800K, 0% used [0x000000079ca80000,0x000000079ca80000,0x000000079d700000)
 ParOldGen       total 65024K, used 19992K [0x0000000740000000, 0x0000000743f80000, 0x0000000795580000)
  object space 65024K, 30% used [0x0000000740000000,0x00000007413863c8,0x0000000743f80000)
 Metaspace       used 23611K, capacity 23981K, committed 24112K, reserved 1071104K
  class space    used 2416K, capacity 2551K, committed 2608K, reserved 1048576K
}

